<?xml version="1.0" encoding="UTF-8"?>
<testsuite name="com.cafecoder.tistory.user.UsersApiControllerTest" tests="1" skipped="0" failures="0" errors="0" timestamp="2020-05-12T08:25:48" hostname="DESKTOP-M2GPA8O" time="0.576">
  <properties/>
  <testcase name="UsersSingUp" classname="com.cafecoder.tistory.user.UsersApiControllerTest" time="0.576"/>
  <system-out><![CDATA[17:25:43.685 [Test worker] DEBUG org.springframework.test.context.junit4.SpringJUnit4ClassRunner - SpringJUnit4ClassRunner constructor called with [class com.cafecoder.tistory.user.UsersApiControllerTest]
17:25:43.692 [Test worker] DEBUG org.springframework.test.context.BootstrapUtils - Instantiating CacheAwareContextLoaderDelegate from class [org.springframework.test.context.cache.DefaultCacheAwareContextLoaderDelegate]
17:25:43.702 [Test worker] DEBUG org.springframework.test.context.BootstrapUtils - Instantiating BootstrapContext using constructor [public org.springframework.test.context.support.DefaultBootstrapContext(java.lang.Class,org.springframework.test.context.CacheAwareContextLoaderDelegate)]
17:25:43.721 [Test worker] DEBUG org.springframework.test.context.BootstrapUtils - Instantiating TestContextBootstrapper for test class [com.cafecoder.tistory.user.UsersApiControllerTest] from class [org.springframework.boot.test.context.SpringBootTestContextBootstrapper]
17:25:43.731 [Test worker] INFO org.springframework.boot.test.context.SpringBootTestContextBootstrapper - Neither @ContextConfiguration nor @ContextHierarchy found for test class [com.cafecoder.tistory.user.UsersApiControllerTest], using SpringBootContextLoader
17:25:43.735 [Test worker] DEBUG org.springframework.test.context.support.AbstractContextLoader - Did not detect default resource location for test class [com.cafecoder.tistory.user.UsersApiControllerTest]: class path resource [com/cafecoder/tistory/user/UsersApiControllerTest-context.xml] does not exist
17:25:43.736 [Test worker] DEBUG org.springframework.test.context.support.AbstractContextLoader - Did not detect default resource location for test class [com.cafecoder.tistory.user.UsersApiControllerTest]: class path resource [com/cafecoder/tistory/user/UsersApiControllerTestContext.groovy] does not exist
17:25:43.736 [Test worker] INFO org.springframework.test.context.support.AbstractContextLoader - Could not detect default resource locations for test class [com.cafecoder.tistory.user.UsersApiControllerTest]: no resource found for suffixes {-context.xml, Context.groovy}.
17:25:43.737 [Test worker] INFO org.springframework.test.context.support.AnnotationConfigContextLoaderUtils - Could not detect default configuration classes for test class [com.cafecoder.tistory.user.UsersApiControllerTest]: UsersApiControllerTest does not declare any static, non-private, non-final, nested classes annotated with @Configuration.
17:25:43.775 [Test worker] DEBUG org.springframework.test.context.support.ActiveProfilesUtils - Could not find an 'annotation declaring class' for annotation type [org.springframework.test.context.ActiveProfiles] and class [com.cafecoder.tistory.user.UsersApiControllerTest]
17:25:43.856 [Test worker] DEBUG org.springframework.context.annotation.ClassPathScanningCandidateComponentProvider - Identified candidate component class: file [C:\Users\hwk09\OneDrive\바탕 화면\개발\Honeyis_Assistant\Web-Server\build\classes\java\main\com\cafecoder\tistory\Application.class]
17:25:43.858 [Test worker] INFO org.springframework.boot.test.context.SpringBootTestContextBootstrapper - Found @SpringBootConfiguration com.cafecoder.tistory.Application for test class com.cafecoder.tistory.user.UsersApiControllerTest
17:25:43.956 [Test worker] DEBUG org.springframework.boot.test.context.SpringBootTestContextBootstrapper - @TestExecutionListeners is not present for class [com.cafecoder.tistory.user.UsersApiControllerTest]: using defaults.
17:25:43.957 [Test worker] INFO org.springframework.boot.test.context.SpringBootTestContextBootstrapper - Loaded default TestExecutionListener class names from location [META-INF/spring.factories]: [org.springframework.boot.test.autoconfigure.restdocs.RestDocsTestExecutionListener, org.springframework.boot.test.autoconfigure.web.client.MockRestServiceServerResetTestExecutionListener, org.springframework.boot.test.autoconfigure.web.servlet.MockMvcPrintOnlyOnFailureTestExecutionListener, org.springframework.boot.test.autoconfigure.web.servlet.WebDriverTestExecutionListener, org.springframework.boot.test.mock.mockito.MockitoTestExecutionListener, org.springframework.boot.test.mock.mockito.ResetMocksTestExecutionListener, org.springframework.test.context.web.ServletTestExecutionListener, org.springframework.test.context.support.DirtiesContextBeforeModesTestExecutionListener, org.springframework.test.context.support.DependencyInjectionTestExecutionListener, org.springframework.test.context.support.DirtiesContextTestExecutionListener, org.springframework.test.context.transaction.TransactionalTestExecutionListener, org.springframework.test.context.jdbc.SqlScriptsTestExecutionListener]
17:25:43.978 [Test worker] INFO org.springframework.boot.test.context.SpringBootTestContextBootstrapper - Using TestExecutionListeners: [org.springframework.test.context.web.ServletTestExecutionListener@5386dd38, org.springframework.test.context.support.DirtiesContextBeforeModesTestExecutionListener@194e26f1, org.springframework.boot.test.mock.mockito.MockitoTestExecutionListener@63f150f1, org.springframework.boot.test.autoconfigure.SpringBootDependencyInjectionTestExecutionListener@33945f60, org.springframework.test.context.support.DirtiesContextTestExecutionListener@561e3b37, org.springframework.test.context.transaction.TransactionalTestExecutionListener@3e8fe6ab, org.springframework.test.context.jdbc.SqlScriptsTestExecutionListener@57105f53, org.springframework.boot.test.autoconfigure.restdocs.RestDocsTestExecutionListener@466e658e, org.springframework.boot.test.autoconfigure.web.client.MockRestServiceServerResetTestExecutionListener@610e29f7, org.springframework.boot.test.autoconfigure.web.servlet.MockMvcPrintOnlyOnFailureTestExecutionListener@207531c3, org.springframework.boot.test.autoconfigure.web.servlet.WebDriverTestExecutionListener@754a1859, org.springframework.boot.test.mock.mockito.ResetMocksTestExecutionListener@403d516b]
17:25:43.981 [Test worker] DEBUG org.springframework.test.annotation.ProfileValueUtils - Retrieved @ProfileValueSourceConfiguration [null] for test class [com.cafecoder.tistory.user.UsersApiControllerTest]
17:25:43.981 [Test worker] DEBUG org.springframework.test.annotation.ProfileValueUtils - Retrieved ProfileValueSource type [class org.springframework.test.annotation.SystemProfileValueSource] for class [com.cafecoder.tistory.user.UsersApiControllerTest]
17:25:43.985 [Test worker] DEBUG org.springframework.test.annotation.ProfileValueUtils - Retrieved @ProfileValueSourceConfiguration [null] for test class [com.cafecoder.tistory.user.UsersApiControllerTest]
17:25:43.985 [Test worker] DEBUG org.springframework.test.annotation.ProfileValueUtils - Retrieved ProfileValueSource type [class org.springframework.test.annotation.SystemProfileValueSource] for class [com.cafecoder.tistory.user.UsersApiControllerTest]
17:25:43.985 [Test worker] DEBUG org.springframework.test.annotation.ProfileValueUtils - Retrieved @ProfileValueSourceConfiguration [null] for test class [com.cafecoder.tistory.user.UsersApiControllerTest]
17:25:43.985 [Test worker] DEBUG org.springframework.test.annotation.ProfileValueUtils - Retrieved ProfileValueSource type [class org.springframework.test.annotation.SystemProfileValueSource] for class [com.cafecoder.tistory.user.UsersApiControllerTest]
17:25:43.989 [Test worker] DEBUG org.springframework.test.context.support.AbstractDirtiesContextTestExecutionListener - Before test class: context [DefaultTestContext@8e59360 testClass = UsersApiControllerTest, testInstance = [null], testMethod = [null], testException = [null], mergedContextConfiguration = [WebMergedContextConfiguration@16321106 testClass = UsersApiControllerTest, locations = '{}', classes = '{class com.cafecoder.tistory.Application}', contextInitializerClasses = '[]', activeProfiles = '{}', propertySourceLocations = '{}', propertySourceProperties = '{org.springframework.boot.test.context.SpringBootTestContextBootstrapper=true, server.port=0}', contextCustomizers = set[org.springframework.boot.test.autoconfigure.properties.PropertyMappingContextCustomizer@0, org.springframework.boot.test.autoconfigure.web.servlet.WebDriverContextCustomizerFactory$Customizer@43855d79, org.springframework.boot.test.context.filter.ExcludeFilterContextCustomizer@7f562c7d, org.springframework.boot.test.json.DuplicateJsonObjectContextCustomizerFactory$DuplicateJsonObjectContextCustomizer@308da2ce, org.springframework.boot.test.mock.mockito.MockitoContextCustomizer@0, org.springframework.boot.test.web.client.TestRestTemplateContextCustomizer@412ddfff], resourceBasePath = 'src/main/webapp', contextLoader = 'org.springframework.boot.test.context.SpringBootContextLoader', parent = [null]], attributes = map['org.springframework.test.context.web.ServletTestExecutionListener.activateListener' -> false]], class annotated with @DirtiesContext [false] with mode [null].
17:25:43.990 [Test worker] DEBUG org.springframework.test.annotation.ProfileValueUtils - Retrieved @ProfileValueSourceConfiguration [null] for test class [com.cafecoder.tistory.user.UsersApiControllerTest]
17:25:43.990 [Test worker] DEBUG org.springframework.test.annotation.ProfileValueUtils - Retrieved ProfileValueSource type [class org.springframework.test.annotation.SystemProfileValueSource] for class [com.cafecoder.tistory.user.UsersApiControllerTest]
17:25:43.995 [Test worker] DEBUG org.springframework.test.context.support.DependencyInjectionTestExecutionListener - Performing dependency injection for test context [[DefaultTestContext@8e59360 testClass = UsersApiControllerTest, testInstance = com.cafecoder.tistory.user.UsersApiControllerTest@3d327236, testMethod = [null], testException = [null], mergedContextConfiguration = [WebMergedContextConfiguration@16321106 testClass = UsersApiControllerTest, locations = '{}', classes = '{class com.cafecoder.tistory.Application}', contextInitializerClasses = '[]', activeProfiles = '{}', propertySourceLocations = '{}', propertySourceProperties = '{org.springframework.boot.test.context.SpringBootTestContextBootstrapper=true, server.port=0}', contextCustomizers = set[org.springframework.boot.test.autoconfigure.properties.PropertyMappingContextCustomizer@0, org.springframework.boot.test.autoconfigure.web.servlet.WebDriverContextCustomizerFactory$Customizer@43855d79, org.springframework.boot.test.context.filter.ExcludeFilterContextCustomizer@7f562c7d, org.springframework.boot.test.json.DuplicateJsonObjectContextCustomizerFactory$DuplicateJsonObjectContextCustomizer@308da2ce, org.springframework.boot.test.mock.mockito.MockitoContextCustomizer@0, org.springframework.boot.test.web.client.TestRestTemplateContextCustomizer@412ddfff], resourceBasePath = 'src/main/webapp', contextLoader = 'org.springframework.boot.test.context.SpringBootContextLoader', parent = [null]], attributes = map['org.springframework.test.context.web.ServletTestExecutionListener.activateListener' -> false]]].
17:25:44.025 [Test worker] DEBUG org.springframework.test.context.support.TestPropertySourceUtils - Adding inlined properties to environment: {spring.jmx.enabled=false, org.springframework.boot.test.context.SpringBootTestContextBootstrapper=true, server.port=0}

  .   ____          _            __ _ _
 /\\ / ___'_ __ _ _(_)_ __  __ _ \ \ \ \
( ( )\___ | '_ | '_| | '_ \/ _` | \ \ \ \
 \\/  ___)| |_)| | | | | || (_| |  ) ) ) )
  '  |____| .__|_| |_|_| |_\__, | / / / /
 =========|_|==============|___/=/_/_/_/
 :: Spring Boot ::        (v2.1.7.RELEASE)

2020-05-12 17:25:44.268  INFO 4580 --- [    Test worker] c.c.tistory.user.UsersApiControllerTest  : Starting UsersApiControllerTest on DESKTOP-M2GPA8O with PID 4580 (started by hwk09 in C:\Users\hwk09\OneDrive\바탕 화면\개발\Honeyis_Assistant\Web-Server)
2020-05-12 17:25:44.269  INFO 4580 --- [    Test worker] c.c.tistory.user.UsersApiControllerTest  : No active profile set, falling back to default profiles: default
2020-05-12 17:25:44.891  INFO 4580 --- [    Test worker] .s.d.r.c.RepositoryConfigurationDelegate : Bootstrapping Spring Data repositories in DEFAULT mode.
2020-05-12 17:25:44.964  INFO 4580 --- [    Test worker] .s.d.r.c.RepositoryConfigurationDelegate : Finished Spring Data repository scanning in 62ms. Found 1 repository interfaces.
2020-05-12 17:25:45.319  INFO 4580 --- [    Test worker] trationDelegate$BeanPostProcessorChecker : Bean 'org.springframework.transaction.annotation.ProxyTransactionManagementConfiguration' of type [org.springframework.transaction.annotation.ProxyTransactionManagementConfiguration$$EnhancerBySpringCGLIB$$4409d0de] is not eligible for getting processed by all BeanPostProcessors (for example: not eligible for auto-proxying)
2020-05-12 17:25:45.691  INFO 4580 --- [    Test worker] o.s.b.w.embedded.tomcat.TomcatWebServer  : Tomcat initialized with port(s): 0 (http)
2020-05-12 17:25:45.716  INFO 4580 --- [    Test worker] o.apache.catalina.core.StandardService   : Starting service [Tomcat]
2020-05-12 17:25:45.717  INFO 4580 --- [    Test worker] org.apache.catalina.core.StandardEngine  : Starting Servlet engine: [Apache Tomcat/9.0.22]
2020-05-12 17:25:45.863  INFO 4580 --- [    Test worker] o.a.c.c.C.[Tomcat].[localhost].[/]       : Initializing Spring embedded WebApplicationContext
2020-05-12 17:25:45.863  INFO 4580 --- [    Test worker] o.s.web.context.ContextLoader            : Root WebApplicationContext: initialization completed in 1572 ms
2020-05-12 17:25:46.112  INFO 4580 --- [    Test worker] com.zaxxer.hikari.HikariDataSource       : HikariPool-1 - Starting...
2020-05-12 17:25:46.278  INFO 4580 --- [    Test worker] com.zaxxer.hikari.HikariDataSource       : HikariPool-1 - Start completed.
2020-05-12 17:25:46.362  INFO 4580 --- [    Test worker] o.hibernate.jpa.internal.util.LogHelper  : HHH000204: Processing PersistenceUnitInfo [
	name: default
	...]
2020-05-12 17:25:46.436  INFO 4580 --- [    Test worker] org.hibernate.Version                    : HHH000412: Hibernate Core {5.3.10.Final}
2020-05-12 17:25:46.438  INFO 4580 --- [    Test worker] org.hibernate.cfg.Environment            : HHH000206: hibernate.properties not found
2020-05-12 17:25:46.611  INFO 4580 --- [    Test worker] o.hibernate.annotations.common.Version   : HCANN000001: Hibernate Commons Annotations {5.0.4.Final}
2020-05-12 17:25:46.782  INFO 4580 --- [    Test worker] org.hibernate.dialect.Dialect            : HHH000400: Using dialect: org.hibernate.dialect.MySQL5InnoDBDialect
Hibernate: drop table if exists users
Hibernate: create table users (id bigint not null auto_increment, company TEXT not null, email TEXT not null, password TEXT not null, user_id TEXT not null, primary key (id)) engine=InnoDB
2020-05-12 17:25:47.372  INFO 4580 --- [    Test worker] o.h.t.schema.internal.SchemaCreatorImpl  : HHH000476: Executing import script 'org.hibernate.tool.schema.internal.exec.ScriptSourceInputNonExistentImpl@249180ce'
2020-05-12 17:25:47.375  INFO 4580 --- [    Test worker] j.LocalContainerEntityManagerFactoryBean : Initialized JPA EntityManagerFactory for persistence unit 'default'
2020-05-12 17:25:48.281  INFO 4580 --- [    Test worker] o.s.s.concurrent.ThreadPoolTaskExecutor  : Initializing ExecutorService 'applicationTaskExecutor'
2020-05-12 17:25:48.348  WARN 4580 --- [    Test worker] aWebConfiguration$JpaWebMvcConfiguration : spring.jpa.open-in-view is enabled by default. Therefore, database queries may be performed during view rendering. Explicitly configure spring.jpa.open-in-view to disable this warning
2020-05-12 17:25:48.397  INFO 4580 --- [    Test worker] o.s.b.a.w.s.WelcomePageHandlerMapping    : Adding welcome page template: index
2020-05-12 17:25:48.729  INFO 4580 --- [    Test worker] o.s.b.w.embedded.tomcat.TomcatWebServer  : Tomcat started on port(s): 62521 (http) with context path ''
2020-05-12 17:25:48.731  INFO 4580 --- [    Test worker] c.c.tistory.user.UsersApiControllerTest  : Started UsersApiControllerTest in 4.705 seconds (JVM running for 5.776)
2020-05-12 17:25:48.926  INFO 4580 --- [o-auto-1-exec-1] o.a.c.c.C.[Tomcat].[localhost].[/]       : Initializing Spring DispatcherServlet 'dispatcherServlet'
2020-05-12 17:25:48.926  INFO 4580 --- [o-auto-1-exec-1] o.s.web.servlet.DispatcherServlet        : Initializing Servlet 'dispatcherServlet'
2020-05-12 17:25:48.948  INFO 4580 --- [o-auto-1-exec-1] o.s.web.servlet.DispatcherServlet        : Completed initialization in 22 ms
Hibernate: insert into users (company, email, password, user_id) values (?, ?, ?, ?)
2020-05-12 17:25:49.181  INFO 4580 --- [    Test worker] o.h.h.i.QueryTranslatorFactoryInitiator  : HHH000397: Using ASTQueryTranslatorFactory
Hibernate: select users0_.id as id1_0_, users0_.company as company2_0_, users0_.email as email3_0_, users0_.password as password4_0_, users0_.user_id as user_id5_0_ from users users0_
Hibernate: select users0_.id as id1_0_, users0_.company as company2_0_, users0_.email as email3_0_, users0_.password as password4_0_, users0_.user_id as user_id5_0_ from users users0_
Hibernate: delete from users where id=?
]]></system-out>
  <system-err><![CDATA[]]></system-err>
</testsuite>
