<?xml version="1.0" encoding="UTF-8"?>
<testsuite name="com.cafecoder.tistory.files.OrderDataTest" tests="1" skipped="0" failures="0" errors="0" timestamp="2020-05-28T07:58:42" hostname="DESKTOP-M2GPA8O" time="0.079">
  <properties/>
  <testcase name="testToString" classname="com.cafecoder.tistory.files.OrderDataTest" time="0.079"/>
  <system-out><![CDATA[1589980500
]]></system-out>
  <system-err><![CDATA[]]></system-err>
</testsuite>
